2023-12-27 16:52:29,144 INFO o.a.j.u.JMeterUtils: Setting Locale to it_IT
2023-12-27 16:52:29,187 ERROR o.a.j.u.JMeterUtils: Could not find resources for 'it_IT'
2023-12-27 16:52:29,188 INFO o.a.j.JMeter: Loading user properties from: user.properties
2023-12-27 16:52:29,190 INFO o.a.j.JMeter: Loading system properties from: system.properties
2023-12-27 16:52:29,200 INFO o.a.j.JMeter: Copyright (c) 1998-2023 The Apache Software Foundation
2023-12-27 16:52:29,200 INFO o.a.j.JMeter: Version 5.6.2
2023-12-27 16:52:29,200 INFO o.a.j.JMeter: java.version=17.0.9
2023-12-27 16:52:29,200 INFO o.a.j.JMeter: java.vm.name=Java HotSpot(TM) 64-Bit Server VM
2023-12-27 16:52:29,200 INFO o.a.j.JMeter: os.name=Windows 10
2023-12-27 16:52:29,200 INFO o.a.j.JMeter: os.arch=amd64
2023-12-27 16:52:29,200 INFO o.a.j.JMeter: os.version=10.0
2023-12-27 16:52:29,200 INFO o.a.j.JMeter: file.encoding=Cp1252
2023-12-27 16:52:29,201 INFO o.a.j.JMeter: java.awt.headless=null
2023-12-27 16:52:29,201 INFO o.a.j.JMeter: Max memory     =4232052736
2023-12-27 16:52:29,201 INFO o.a.j.JMeter: Available Processors =8
2023-12-27 16:52:29,219 INFO o.a.j.JMeter: Default Locale=italiano (Italia)
2023-12-27 16:52:29,219 INFO o.a.j.JMeter: JMeter  Locale=italiano (Italia)
2023-12-27 16:52:29,220 INFO o.a.j.JMeter: JMeterHome=C:\Users\Utente\Desktop\apache-jmeter-5.6.2
2023-12-27 16:52:29,220 INFO o.a.j.JMeter: user.dir  =C:\Users\Utente\Desktop\apache-jmeter-5.6.2\bin
2023-12-27 16:52:29,220 INFO o.a.j.JMeter: PWD       =C:\Users\Utente\Desktop\apache-jmeter-5.6.2\bin
2023-12-27 16:52:29,240 INFO o.a.j.JMeter: IP: 192.168.1.65 Name: DESKTOP-UK1IBPM FullName: 192.168.1.65
2023-12-27 16:52:29,267 INFO o.a.j.JMeter: Loaded icon properties from org/apache/jmeter/images/icon.properties
2023-12-27 16:52:29,594 INFO o.a.j.JMeterGuiLauncher: Setting LAF to: com.github.weisj.darklaf.DarkLaf:com.github.weisj.darklaf.theme.DarculaTheme
2023-12-27 16:52:35,969 INFO o.a.j.s.FileServer: Default base='C:\Users\Utente\Desktop\apache-jmeter-5.6.2\bin'
2023-12-27 16:52:35,972 INFO o.a.j.g.a.Load: Loading file: C:\Users\Utente\Desktop\apache-jmeter-5.6.2\bin\examples\Fairness\TestPlane4.jmx
2023-12-27 16:52:35,972 INFO o.a.j.s.FileServer: Set new base='C:\Users\Utente\Desktop\apache-jmeter-5.6.2\bin\examples\Fairness'
2023-12-27 16:52:36,151 INFO o.a.j.s.SaveService: Testplan (JMX) version: 2.2. Testlog (JTL) version: 2.2
2023-12-27 16:52:36,181 INFO o.a.j.s.SaveService: Using SaveService properties version 5.0
2023-12-27 16:52:36,182 INFO o.a.j.s.SaveService: Using SaveService properties file encoding UTF-8
2023-12-27 16:52:36,183 INFO o.a.j.s.SaveService: Loading file: C:\Users\Utente\Desktop\apache-jmeter-5.6.2\bin\examples\Fairness\TestPlane4.jmx
2023-12-27 16:52:36,213 INFO o.a.j.p.h.s.HTTPSamplerBase: Parser for text/html is org.apache.jmeter.protocol.http.parser.LagartoBasedHtmlParser
2023-12-27 16:52:36,213 INFO o.a.j.p.h.s.HTTPSamplerBase: Parser for application/xhtml+xml is org.apache.jmeter.protocol.http.parser.LagartoBasedHtmlParser
2023-12-27 16:52:36,213 INFO o.a.j.p.h.s.HTTPSamplerBase: Parser for application/xml is org.apache.jmeter.protocol.http.parser.LagartoBasedHtmlParser
2023-12-27 16:52:36,213 INFO o.a.j.p.h.s.HTTPSamplerBase: Parser for text/xml is org.apache.jmeter.protocol.http.parser.LagartoBasedHtmlParser
2023-12-27 16:52:36,213 INFO o.a.j.p.h.s.HTTPSamplerBase: Parser for text/vnd.wap.wml is org.apache.jmeter.protocol.http.parser.RegexpHTMLParser
2023-12-27 16:52:36,213 INFO o.a.j.p.h.s.HTTPSamplerBase: Parser for text/css is org.apache.jmeter.protocol.http.parser.CssParser
2023-12-27 16:52:36,557 INFO o.a.j.s.SampleResult: Note: Sample TimeStamps are START times
2023-12-27 16:52:36,557 INFO o.a.j.s.SampleResult: sampleresult.default.encoding is set to UTF-8
2023-12-27 16:52:36,557 INFO o.a.j.s.SampleResult: sampleresult.useNanoTime=true
2023-12-27 16:52:36,557 INFO o.a.j.s.SampleResult: sampleresult.nanoThreadSleep=5000
2023-12-27 16:52:36,972 INFO o.a.j.s.FileServer: Set new base='C:\Users\Utente\Desktop\apache-jmeter-5.6.2\bin\examples\Fairness'
2023-12-27 16:52:57,683 INFO o.a.j.e.StandardJMeterEngine: Running the test!
2023-12-27 16:52:57,684 INFO o.a.j.s.SampleEvent: List of sample_variables: []
2023-12-27 16:52:57,684 INFO o.a.j.s.SampleEvent: List of sample_variables: []
2023-12-27 16:52:57,685 INFO o.a.j.e.u.CompoundVariable: Note: Function class names must contain the string: '.functions.'
2023-12-27 16:52:57,685 INFO o.a.j.e.u.CompoundVariable: Note: Function class names must not contain the string: '.gui.'
2023-12-27 16:52:57,744 INFO o.a.j.g.u.JMeterMenuBar: setRunning(true, *local*)
2023-12-27 16:52:57,776 INFO o.a.j.e.StandardJMeterEngine: Starting ThreadGroup: 1 : Thread Group
2023-12-27 16:52:57,776 INFO o.a.j.e.StandardJMeterEngine: Starting 6 threads for group Thread Group.
2023-12-27 16:52:57,776 INFO o.a.j.e.StandardJMeterEngine: Thread will continue on error
2023-12-27 16:52:57,776 INFO o.a.j.t.ThreadGroup: Starting thread group... number=1 threads=6 ramp-up=6 delayedStart=false
2023-12-27 16:52:57,780 INFO o.a.j.t.JMeterThread: Thread started: Thread Group 1-1
2023-12-27 16:52:57,781 INFO o.a.j.t.ThreadGroup: Started thread group number 1
2023-12-27 16:52:57,782 INFO o.a.j.e.StandardJMeterEngine: Starting ThreadGroup: 2 : Thread Group
2023-12-27 16:52:57,782 INFO o.a.j.e.StandardJMeterEngine: Starting 6 threads for group Thread Group.
2023-12-27 16:52:57,782 INFO o.a.j.e.StandardJMeterEngine: Thread will continue on error
2023-12-27 16:52:57,782 INFO o.a.j.t.ThreadGroup: Starting thread group... number=2 threads=6 ramp-up=6 delayedStart=false
2023-12-27 16:52:57,784 INFO o.a.j.t.JMeterThread: Thread started: Thread Group 2-1
2023-12-27 16:52:57,785 INFO o.a.j.t.ThreadGroup: Started thread group number 2
2023-12-27 16:52:57,785 INFO o.a.j.e.StandardJMeterEngine: Starting ThreadGroup: 3 : Thread Group
2023-12-27 16:52:57,785 INFO o.a.j.e.StandardJMeterEngine: Starting 6 threads for group Thread Group.
2023-12-27 16:52:57,786 INFO o.a.j.e.StandardJMeterEngine: Thread will continue on error
2023-12-27 16:52:57,786 INFO o.a.j.t.ThreadGroup: Starting thread group... number=3 threads=6 ramp-up=6 delayedStart=false
2023-12-27 16:52:57,787 INFO o.a.j.t.JMeterThread: Thread started: Thread Group 3-1
2023-12-27 16:52:57,788 INFO o.a.j.t.ThreadGroup: Started thread group number 3
2023-12-27 16:52:57,788 INFO o.a.j.e.StandardJMeterEngine: Starting ThreadGroup: 4 : Thread Group
2023-12-27 16:52:57,788 INFO o.a.j.e.StandardJMeterEngine: Starting 6 threads for group Thread Group.
2023-12-27 16:52:57,788 INFO o.a.j.e.StandardJMeterEngine: Thread will continue on error
2023-12-27 16:52:57,788 INFO o.a.j.t.ThreadGroup: Starting thread group... number=4 threads=6 ramp-up=6 delayedStart=false
2023-12-27 16:52:57,790 INFO o.a.j.t.JMeterThread: Thread started: Thread Group 4-1
2023-12-27 16:52:57,791 INFO o.a.j.t.ThreadGroup: Started thread group number 4
2023-12-27 16:52:57,791 INFO o.a.j.e.StandardJMeterEngine: Starting ThreadGroup: 5 : Thread Group
2023-12-27 16:52:57,791 INFO o.a.j.e.StandardJMeterEngine: Starting 6 threads for group Thread Group.
2023-12-27 16:52:57,791 INFO o.a.j.e.StandardJMeterEngine: Thread will continue on error
2023-12-27 16:52:57,791 INFO o.a.j.t.ThreadGroup: Starting thread group... number=5 threads=6 ramp-up=6 delayedStart=false
2023-12-27 16:52:57,792 INFO o.a.j.t.JMeterThread: Thread started: Thread Group 5-1
2023-12-27 16:52:57,794 INFO o.a.j.t.ThreadGroup: Started thread group number 5
2023-12-27 16:52:57,794 INFO o.a.j.e.StandardJMeterEngine: Starting ThreadGroup: 6 : Thread Group
2023-12-27 16:52:57,795 INFO o.a.j.e.StandardJMeterEngine: Starting 6 threads for group Thread Group.
2023-12-27 16:52:57,795 INFO o.a.j.e.StandardJMeterEngine: Thread will continue on error
2023-12-27 16:52:57,795 INFO o.a.j.t.ThreadGroup: Starting thread group... number=6 threads=6 ramp-up=6 delayedStart=false
2023-12-27 16:52:57,797 INFO o.a.j.t.ThreadGroup: Started thread group number 6
2023-12-27 16:52:57,797 INFO o.a.j.e.StandardJMeterEngine: All thread groups have been started
2023-12-27 16:52:57,797 INFO o.a.j.t.JMeterThread: Thread started: Thread Group 6-1
2023-12-27 16:52:57,798 INFO o.a.j.p.h.s.HTTPHCAbstractImpl: Local host = DESKTOP-UK1IBPM
2023-12-27 16:52:57,806 INFO o.a.j.p.h.s.HTTPHC4Impl: HTTP request retry count = 0
2023-12-27 16:52:58,779 INFO o.a.j.t.JMeterThread: Thread started: Thread Group 1-2
2023-12-27 16:52:58,784 INFO o.a.j.t.JMeterThread: Thread started: Thread Group 2-2
2023-12-27 16:52:58,789 INFO o.a.j.t.JMeterThread: Thread started: Thread Group 3-2
2023-12-27 16:52:58,791 INFO o.a.j.t.JMeterThread: Thread started: Thread Group 4-2
2023-12-27 16:52:58,793 INFO o.a.j.t.JMeterThread: Thread started: Thread Group 5-2
2023-12-27 16:52:58,798 INFO o.a.j.t.JMeterThread: Thread started: Thread Group 6-2
2023-12-27 16:52:59,779 INFO o.a.j.t.JMeterThread: Thread started: Thread Group 1-3
2023-12-27 16:52:59,785 INFO o.a.j.t.JMeterThread: Thread started: Thread Group 2-3
2023-12-27 16:52:59,788 INFO o.a.j.t.JMeterThread: Thread started: Thread Group 3-3
2023-12-27 16:52:59,791 INFO o.a.j.t.JMeterThread: Thread started: Thread Group 4-3
2023-12-27 16:52:59,792 INFO o.a.j.t.JMeterThread: Thread started: Thread Group 5-3
2023-12-27 16:52:59,797 INFO o.a.j.t.JMeterThread: Thread started: Thread Group 6-3
2023-12-27 16:53:00,779 INFO o.a.j.t.JMeterThread: Thread started: Thread Group 1-4
2023-12-27 16:53:00,788 INFO o.a.j.t.JMeterThread: Thread started: Thread Group 2-4
2023-12-27 16:53:00,790 INFO o.a.j.t.JMeterThread: Thread started: Thread Group 3-4
2023-12-27 16:53:00,792 INFO o.a.j.t.JMeterThread: Thread started: Thread Group 4-4
2023-12-27 16:53:00,793 INFO o.a.j.t.JMeterThread: Thread started: Thread Group 5-4
2023-12-27 16:53:00,797 INFO o.a.j.t.JMeterThread: Thread started: Thread Group 6-4
2023-12-27 16:53:01,779 INFO o.a.j.t.JMeterThread: Thread started: Thread Group 1-5
2023-12-27 16:53:01,785 INFO o.a.j.t.JMeterThread: Thread started: Thread Group 2-5
2023-12-27 16:53:01,788 INFO o.a.j.t.JMeterThread: Thread started: Thread Group 3-5
2023-12-27 16:53:01,792 INFO o.a.j.t.JMeterThread: Thread started: Thread Group 4-5
2023-12-27 16:53:01,793 INFO o.a.j.t.JMeterThread: Thread started: Thread Group 5-5
2023-12-27 16:53:01,798 INFO o.a.j.t.JMeterThread: Thread started: Thread Group 6-5
2023-12-27 16:53:02,780 INFO o.a.j.t.JMeterThread: Thread started: Thread Group 1-6
2023-12-27 16:53:02,784 INFO o.a.j.t.JMeterThread: Thread started: Thread Group 2-6
2023-12-27 16:53:02,787 INFO o.a.j.t.JMeterThread: Thread started: Thread Group 3-6
2023-12-27 16:53:02,789 INFO o.a.j.t.JMeterThread: Thread started: Thread Group 4-6
2023-12-27 16:53:02,794 INFO o.a.j.t.JMeterThread: Thread started: Thread Group 5-6
2023-12-27 16:53:02,795 INFO o.a.j.t.JMeterThread: Thread started: Thread Group 6-6
2023-12-27 16:55:57,649 INFO o.a.j.g.a.Start: Stopping test
2023-12-27 16:55:57,659 INFO o.a.j.t.JMeterThread: Stopping: Thread Group 1-2
2023-12-27 16:55:57,659 WARN o.a.j.t.JMeterThread: Interrupting: Thread Group 1-2 sampler: HTTP Request1 L 1
2023-12-27 16:55:57,659 INFO o.a.j.t.JMeterThread: Stopping: Thread Group 1-5
2023-12-27 16:55:57,659 WARN o.a.j.t.JMeterThread: Interrupting: Thread Group 1-5 sampler: HTTP Request1 L 1
2023-12-27 16:55:57,659 INFO o.a.j.t.JMeterThread: Stopping: Thread Group 1-4
2023-12-27 16:55:57,660 WARN o.a.j.t.JMeterThread: Interrupting: Thread Group 1-4 sampler: HTTP Request1 L 1
2023-12-27 16:55:57,660 INFO o.a.j.t.JMeterThread: Stopping: Thread Group 1-6
2023-12-27 16:55:57,660 WARN o.a.j.t.JMeterThread: Interrupting: Thread Group 1-6 sampler: HTTP Request1 L 1
2023-12-27 16:55:57,660 INFO o.a.j.t.JMeterThread: Stopping: Thread Group 1-3
2023-12-27 16:55:57,660 WARN o.a.j.t.JMeterThread: Interrupting: Thread Group 1-3 sampler: HTTP Request1 L 1
2023-12-27 16:55:57,660 INFO o.a.j.t.JMeterThread: Stopping: Thread Group 1-1
2023-12-27 16:55:57,660 WARN o.a.j.t.JMeterThread: Interrupting: Thread Group 1-1 sampler: HTTP Request1 L 1
2023-12-27 16:55:57,660 INFO o.a.j.t.JMeterThread: Stopping: Thread Group 2-3
2023-12-27 16:55:57,660 WARN o.a.j.t.JMeterThread: Interrupting: Thread Group 2-3 sampler: HTTP Request1 L 1
2023-12-27 16:55:57,661 INFO o.a.j.t.JMeterThread: Stopping: Thread Group 2-2
2023-12-27 16:55:57,661 WARN o.a.j.t.JMeterThread: Interrupting: Thread Group 2-2 sampler: HTTP Request1 L 1
2023-12-27 16:55:57,661 INFO o.a.j.t.JMeterThread: Stopping: Thread Group 2-5
2023-12-27 16:55:57,661 WARN o.a.j.t.JMeterThread: Interrupting: Thread Group 2-5 sampler: HTTP Request1 M 2
2023-12-27 16:55:57,661 INFO o.a.j.t.JMeterThread: Stopping: Thread Group 2-6
2023-12-27 16:55:57,661 INFO o.a.j.t.JMeterThread: Thread finished: Thread Group 1-5
2023-12-27 16:55:57,661 INFO o.a.j.t.JMeterThread: Thread finished: Thread Group 1-2
2023-12-27 16:55:57,662 INFO o.a.j.t.JMeterThread: Thread finished: Thread Group 1-1
2023-12-27 16:55:57,661 WARN o.a.j.t.JMeterThread: Interrupting: Thread Group 2-6 sampler: HTTP Request1 L 1
2023-12-27 16:55:57,661 INFO o.a.j.t.JMeterThread: Thread finished: Thread Group 1-4
2023-12-27 16:55:57,662 INFO o.a.j.t.JMeterThread: Thread finished: Thread Group 1-3
2023-12-27 16:55:57,662 INFO o.a.j.t.JMeterThread: Thread finished: Thread Group 2-3
2023-12-27 16:55:57,662 INFO o.a.j.t.JMeterThread: Thread finished: Thread Group 1-6
2023-12-27 16:55:57,662 INFO o.a.j.t.JMeterThread: Thread finished: Thread Group 2-2
2023-12-27 16:55:57,662 INFO o.a.j.t.JMeterThread: Thread finished: Thread Group 2-5
2023-12-27 16:55:57,663 INFO o.a.j.t.JMeterThread: Thread finished: Thread Group 2-6
2023-12-27 16:55:57,662 INFO o.a.j.t.JMeterThread: Stopping: Thread Group 2-4
2023-12-27 16:55:57,663 WARN o.a.j.t.JMeterThread: Interrupting: Thread Group 2-4 sampler: HTTP Request1 L 1
2023-12-27 16:55:57,663 INFO o.a.j.t.JMeterThread: Stopping: Thread Group 2-1
2023-12-27 16:55:57,663 WARN o.a.j.t.JMeterThread: Interrupting: Thread Group 2-1 sampler: HTTP Request1 L 1
2023-12-27 16:55:57,664 INFO o.a.j.t.JMeterThread: Thread finished: Thread Group 2-4
2023-12-27 16:55:57,664 INFO o.a.j.t.JMeterThread: Stopping: Thread Group 3-3
2023-12-27 16:55:57,664 WARN o.a.j.t.JMeterThread: Interrupting: Thread Group 3-3 sampler: HTTP Request1 L 1
2023-12-27 16:55:57,664 INFO o.a.j.t.JMeterThread: Stopping: Thread Group 3-1
2023-12-27 16:55:57,664 INFO o.a.j.t.JMeterThread: Thread finished: Thread Group 2-1
2023-12-27 16:55:57,664 WARN o.a.j.t.JMeterThread: Interrupting: Thread Group 3-1 sampler: HTTP Request1 L 1
2023-12-27 16:55:57,665 INFO o.a.j.t.JMeterThread: Thread finished: Thread Group 3-3
2023-12-27 16:55:57,665 INFO o.a.j.t.JMeterThread: Stopping: Thread Group 3-2
2023-12-27 16:55:57,665 WARN o.a.j.t.JMeterThread: Interrupting: Thread Group 3-2 sampler: HTTP Request1 L 1
2023-12-27 16:55:57,665 INFO o.a.j.t.JMeterThread: Stopping: Thread Group 3-4
2023-12-27 16:55:57,665 WARN o.a.j.t.JMeterThread: Interrupting: Thread Group 3-4 sampler: HTTP Request1 L 1
2023-12-27 16:55:57,665 INFO o.a.j.t.JMeterThread: Stopping: Thread Group 3-6
2023-12-27 16:55:57,665 INFO o.a.j.t.JMeterThread: Thread finished: Thread Group 3-1
2023-12-27 16:55:57,665 WARN o.a.j.t.JMeterThread: Interrupting: Thread Group 3-6 sampler: HTTP Request1 L 1
2023-12-27 16:55:57,665 INFO o.a.j.t.JMeterThread: Thread finished: Thread Group 3-2
2023-12-27 16:55:57,666 INFO o.a.j.t.JMeterThread: Thread finished: Thread Group 3-4
2023-12-27 16:55:57,666 INFO o.a.j.t.JMeterThread: Stopping: Thread Group 3-5
2023-12-27 16:55:57,666 WARN o.a.j.t.JMeterThread: Interrupting: Thread Group 3-5 sampler: HTTP Request1 L 1
2023-12-27 16:55:57,666 INFO o.a.j.t.JMeterThread: Stopping: Thread Group 4-3
2023-12-27 16:55:57,666 WARN o.a.j.t.JMeterThread: Interrupting: Thread Group 4-3 sampler: HTTP Request1 M 3
2023-12-27 16:55:57,666 INFO o.a.j.t.JMeterThread: Thread finished: Thread Group 3-6
2023-12-27 16:55:57,666 INFO o.a.j.t.JMeterThread: Stopping: Thread Group 4-1
2023-12-27 16:55:57,666 WARN o.a.j.t.JMeterThread: Interrupting: Thread Group 4-1 sampler: HTTP Request1 L 1
2023-12-27 16:55:57,666 INFO o.a.j.t.JMeterThread: Thread finished: Thread Group 3-5
2023-12-27 16:55:57,666 INFO o.a.j.t.JMeterThread: Thread finished: Thread Group 4-3
2023-12-27 16:55:57,666 INFO o.a.j.t.JMeterThread: Stopping: Thread Group 4-2
2023-12-27 16:55:57,667 WARN o.a.j.t.JMeterThread: Interrupting: Thread Group 4-2 sampler: HTTP Request1 L 1
2023-12-27 16:55:57,667 INFO o.a.j.t.JMeterThread: Thread finished: Thread Group 4-1
2023-12-27 16:55:57,667 INFO o.a.j.t.JMeterThread: Stopping: Thread Group 4-4
2023-12-27 16:55:57,667 WARN o.a.j.t.JMeterThread: Interrupting: Thread Group 4-4 sampler: HTTP Request1 L 1
2023-12-27 16:55:57,667 INFO o.a.j.t.JMeterThread: Stopping: Thread Group 4-5
2023-12-27 16:55:57,667 WARN o.a.j.t.JMeterThread: Interrupting: Thread Group 4-5 sampler: HTTP Request1 S 3
2023-12-27 16:55:57,667 INFO o.a.j.t.JMeterThread: Thread finished: Thread Group 4-2
2023-12-27 16:55:57,667 INFO o.a.j.t.JMeterThread: Stopping: Thread Group 4-6
2023-12-27 16:55:57,667 WARN o.a.j.t.JMeterThread: Interrupting: Thread Group 4-6 sampler: HTTP Request1 L 1
2023-12-27 16:55:57,668 INFO o.a.j.t.JMeterThread: Thread finished: Thread Group 4-4
2023-12-27 16:55:57,668 INFO o.a.j.t.JMeterThread: Stopping: Thread Group 5-3
2023-12-27 16:55:57,668 WARN o.a.j.t.JMeterThread: Interrupting: Thread Group 5-3 sampler: HTTP Request1 M 1
2023-12-27 16:55:57,668 INFO o.a.j.t.JMeterThread: Thread finished: Thread Group 4-5
2023-12-27 16:55:57,668 INFO o.a.j.t.JMeterThread: Stopping: Thread Group 5-2
2023-12-27 16:55:57,668 INFO o.a.j.t.JMeterThread: Thread finished: Thread Group 4-6
2023-12-27 16:55:57,668 WARN o.a.j.t.JMeterThread: Interrupting: Thread Group 5-2 sampler: HTTP Request1 L 1
2023-12-27 16:55:57,668 INFO o.a.j.t.JMeterThread: Stopping: Thread Group 5-6
2023-12-27 16:55:57,668 WARN o.a.j.t.JMeterThread: Interrupting: Thread Group 5-6 sampler: HTTP Request1 L 1
2023-12-27 16:55:57,668 INFO o.a.j.t.JMeterThread: Thread finished: Thread Group 5-3
2023-12-27 16:55:57,668 INFO o.a.j.t.JMeterThread: Stopping: Thread Group 5-5
2023-12-27 16:55:57,668 WARN o.a.j.t.JMeterThread: Interrupting: Thread Group 5-5 sampler: HTTP Request1 L 1
2023-12-27 16:55:57,668 INFO o.a.j.t.JMeterThread: Stopping: Thread Group 5-1
2023-12-27 16:55:57,668 WARN o.a.j.t.JMeterThread: Interrupting: Thread Group 5-1 sampler: HTTP Request1 L 1
2023-12-27 16:55:57,668 INFO o.a.j.t.JMeterThread: Thread finished: Thread Group 5-2
2023-12-27 16:55:57,668 INFO o.a.j.t.JMeterThread: Stopping: Thread Group 5-4
2023-12-27 16:55:57,668 WARN o.a.j.t.JMeterThread: Interrupting: Thread Group 5-4 sampler: HTTP Request1 L 1
2023-12-27 16:55:57,669 INFO o.a.j.t.JMeterThread: Thread finished: Thread Group 5-6
2023-12-27 16:55:57,669 INFO o.a.j.t.JMeterThread: Thread finished: Thread Group 5-5
2023-12-27 16:55:57,669 INFO o.a.j.t.JMeterThread: Thread finished: Thread Group 5-1
2023-12-27 16:55:57,669 INFO o.a.j.t.JMeterThread: Thread finished: Thread Group 5-4
2023-12-27 16:55:57,669 INFO o.a.j.t.JMeterThread: Stopping: Thread Group 6-3
2023-12-27 16:55:57,669 WARN o.a.j.t.JMeterThread: Interrupting: Thread Group 6-3 sampler: HTTP Request1 L 1
2023-12-27 16:55:57,670 INFO o.a.j.t.JMeterThread: Stopping: Thread Group 6-1
2023-12-27 16:55:57,670 WARN o.a.j.t.JMeterThread: Interrupting: Thread Group 6-1 sampler: HTTP Request1 L 1
2023-12-27 16:55:57,670 INFO o.a.j.t.JMeterThread: Stopping: Thread Group 6-4
2023-12-27 16:55:57,670 WARN o.a.j.t.JMeterThread: Interrupting: Thread Group 6-4 sampler: HTTP Request1 M 3
2023-12-27 16:55:57,670 INFO o.a.j.t.JMeterThread: Thread finished: Thread Group 6-3
2023-12-27 16:55:57,670 INFO o.a.j.t.JMeterThread: Thread finished: Thread Group 6-1
2023-12-27 16:55:57,670 INFO o.a.j.t.JMeterThread: Stopping: Thread Group 6-2
2023-12-27 16:55:57,670 WARN o.a.j.t.JMeterThread: Interrupting: Thread Group 6-2 sampler: HTTP Request1 M 2
2023-12-27 16:55:57,670 INFO o.a.j.t.JMeterThread: Thread finished: Thread Group 6-4
2023-12-27 16:55:57,670 INFO o.a.j.t.JMeterThread: Stopping: Thread Group 6-5
2023-12-27 16:55:57,670 WARN o.a.j.t.JMeterThread: Interrupting: Thread Group 6-5 sampler: HTTP Request1 L 1
2023-12-27 16:55:57,670 INFO o.a.j.t.JMeterThread: Stopping: Thread Group 6-6
2023-12-27 16:55:57,670 WARN o.a.j.t.JMeterThread: Interrupting: Thread Group 6-6 sampler: HTTP Request1 L 1
2023-12-27 16:55:57,670 INFO o.a.j.t.JMeterThread: Thread finished: Thread Group 6-2
2023-12-27 16:55:57,671 INFO o.a.j.t.JMeterThread: Thread finished: Thread Group 6-5
2023-12-27 16:55:57,671 INFO o.a.j.t.JMeterThread: Thread finished: Thread Group 6-6
2023-12-27 16:55:57,671 INFO o.a.j.e.StandardJMeterEngine: Notifying test listeners of end of test
2023-12-27 16:55:57,672 INFO o.a.j.g.u.JMeterMenuBar: setRunning(false, *local*)
