"Reference Handler" daemon prio=10 Id=2 RUNNABLE
	at java.base@11.0.12/java.lang.ref.Reference.waitForReferencePendingList(Native Method)
	at java.base@11.0.12/java.lang.ref.Reference.processPendingReferences(Reference.java:241)
	at java.base@11.0.12/java.lang.ref.Reference$ReferenceHandler.run(Reference.java:213)

"Finalizer" daemon prio=8 Id=3 WAITING on java.lang.ref.ReferenceQueue$Lock@729aa554
	at java.base@11.0.12/java.lang.Object.wait(Native Method)
	-  waiting on java.lang.ref.ReferenceQueue$Lock@729aa554
	at java.base@11.0.12/java.lang.ref.ReferenceQueue.remove(ReferenceQueue.java:155)
	at java.base@11.0.12/java.lang.ref.ReferenceQueue.remove(ReferenceQueue.java:176)
	at java.base@11.0.12/java.lang.ref.Finalizer$FinalizerThread.run(Finalizer.java:170)

"Signal Dispatcher" daemon prio=9 Id=4 RUNNABLE

"Attach Listener" daemon prio=5 Id=5 RUNNABLE

"Common-Cleaner" daemon prio=8 Id=12 TIMED_WAITING on java.lang.ref.ReferenceQueue$Lock@15faf598
	at java.base@11.0.12/java.lang.Object.wait(Native Method)
	-  waiting on java.lang.ref.ReferenceQueue$Lock@15faf598
	at java.base@11.0.12/java.lang.ref.ReferenceQueue.remove(ReferenceQueue.java:155)
	at java.base@11.0.12/jdk.internal.ref.CleanerImpl.run(CleanerImpl.java:148)
	at java.base@11.0.12/java.lang.Thread.run(Thread.java:829)
	at java.base@11.0.12/jdk.internal.misc.InnocuousThread.run(InnocuousThread.java:134)

"Java2D Disposer" daemon prio=10 Id=15 WAITING on java.lang.ref.ReferenceQueue$Lock@4e2ffcb7
	at java.base@11.0.12/java.lang.Object.wait(Native Method)
	-  waiting on java.lang.ref.ReferenceQueue$Lock@4e2ffcb7
	at java.base@11.0.12/java.lang.ref.ReferenceQueue.remove(ReferenceQueue.java:155)
	at java.base@11.0.12/java.lang.ref.ReferenceQueue.remove(ReferenceQueue.java:176)
	at java.desktop@11.0.12/sun.java2d.Disposer.run(Disposer.java:144)
	at java.base@11.0.12/java.lang.Thread.run(Thread.java:829)

"AWT-Shutdown" prio=5 Id=16 WAITING on java.lang.Object@71e93e9a
	at java.base@11.0.12/java.lang.Object.wait(Native Method)
	-  waiting on java.lang.Object@71e93e9a
	at java.base@11.0.12/java.lang.Object.wait(Object.java:328)
	at java.desktop@11.0.12/sun.awt.AWTAutoShutdown.run(AWTAutoShutdown.java:291)
	at java.base@11.0.12/java.lang.Thread.run(Thread.java:829)

"AWT-Windows" daemon prio=6 Id=17 RUNNABLE (in native)
	at java.desktop@11.0.12/sun.awt.windows.WToolkit.eventLoop(Native Method)
	at java.desktop@11.0.12/sun.awt.windows.WToolkit.run(WToolkit.java:305)
	at java.base@11.0.12/java.lang.Thread.run(Thread.java:829)

"TimerQueue" daemon prio=5 Id=20 TIMED_WAITING on java.util.concurrent.locks.AbstractQueuedSynchronizer$ConditionObject@146afc84
	at java.base@11.0.12/jdk.internal.misc.Unsafe.park(Native Method)
	-  waiting on java.util.concurrent.locks.AbstractQueuedSynchronizer$ConditionObject@146afc84
	at java.base@11.0.12/java.util.concurrent.locks.LockSupport.parkNanos(LockSupport.java:234)
	at java.base@11.0.12/java.util.concurrent.locks.AbstractQueuedSynchronizer$ConditionObject.awaitNanos(AbstractQueuedSynchronizer.java:2123)
	at java.base@11.0.12/java.util.concurrent.DelayQueue.take(DelayQueue.java:229)
	at java.desktop@11.0.12/javax.swing.TimerQueue.run(TimerQueue.java:171)
	at java.base@11.0.12/java.lang.Thread.run(Thread.java:829)

	Number of locked synchronizers = 1
	- java.util.concurrent.locks.ReentrantLock$NonfairSync@56fe95f6

"AWT-EventQueue-0" prio=6 Id=21 RUNNABLE
	at java.management@11.0.12/sun.management.ThreadImpl.dumpThreads0(Native Method)
	at java.management@11.0.12/sun.management.ThreadImpl.dumpAllThreads(ThreadImpl.java:521)
	at java.management@11.0.12/sun.management.ThreadImpl.dumpAllThreads(ThreadImpl.java:509)
	at org.apache.jorphan.util.ThreadDumper.writeThreadDump(ThreadDumper.java:80)
	at org.apache.jorphan.util.ThreadDumper.threadDump(ThreadDumper.java:68)
	at org.apache.jorphan.util.ThreadDumper.threadDump(ThreadDumper.java:51)
	at org.apache.jmeter.gui.action.What.doAction(What.java:93)
	at org.apache.jmeter.gui.action.ActionRouter.performAction(ActionRouter.java:83)
	...

"DefaultDispatcher-worker-1" daemon prio=6 Id=23 TIMED_WAITING
	at java.base@11.0.12/jdk.internal.misc.Unsafe.park(Native Method)
	at java.base@11.0.12/java.util.concurrent.locks.LockSupport.parkNanos(LockSupport.java:357)
	at kotlinx.coroutines.scheduling.CoroutineScheduler$Worker.park(CoroutineScheduler.kt:838)
	at kotlinx.coroutines.scheduling.CoroutineScheduler$Worker.tryPark(CoroutineScheduler.kt:783)
	at kotlinx.coroutines.scheduling.CoroutineScheduler$Worker.runWorker(CoroutineScheduler.kt:731)
	at kotlinx.coroutines.scheduling.CoroutineScheduler$Worker.run(CoroutineScheduler.kt:684)

"DefaultDispatcher-worker-2" daemon prio=6 Id=24 TIMED_WAITING
	at java.base@11.0.12/jdk.internal.misc.Unsafe.park(Native Method)
	at java.base@11.0.12/java.util.concurrent.locks.LockSupport.parkNanos(LockSupport.java:357)
	at kotlinx.coroutines.scheduling.CoroutineScheduler$Worker.park(CoroutineScheduler.kt:838)
	at kotlinx.coroutines.scheduling.CoroutineScheduler$Worker.tryPark(CoroutineScheduler.kt:783)
	at kotlinx.coroutines.scheduling.CoroutineScheduler$Worker.runWorker(CoroutineScheduler.kt:731)
	at kotlinx.coroutines.scheduling.CoroutineScheduler$Worker.run(CoroutineScheduler.kt:684)

"DestroyJavaVM" prio=5 Id=25 RUNNABLE

"Animations Thread" daemon prio=10 Id=26 WAITING on java.util.concurrent.locks.AbstractQueuedSynchronizer$ConditionObject@259160fa
	at java.base@11.0.12/jdk.internal.misc.Unsafe.park(Native Method)
	-  waiting on java.util.concurrent.locks.AbstractQueuedSynchronizer$ConditionObject@259160fa
	at java.base@11.0.12/java.util.concurrent.locks.LockSupport.park(LockSupport.java:194)
	at java.base@11.0.12/java.util.concurrent.locks.AbstractQueuedSynchronizer$ConditionObject.await(AbstractQueuedSynchronizer.java:2081)
	at java.base@11.0.12/java.util.concurrent.ScheduledThreadPoolExecutor$DelayedWorkQueue.take(ScheduledThreadPoolExecutor.java:1170)
	at java.base@11.0.12/java.util.concurrent.ScheduledThreadPoolExecutor$DelayedWorkQueue.take(ScheduledThreadPoolExecutor.java:899)
	at java.base@11.0.12/java.util.concurrent.ThreadPoolExecutor.getTask(ThreadPoolExecutor.java:1054)
	at java.base@11.0.12/java.util.concurrent.ThreadPoolExecutor.runWorker(ThreadPoolExecutor.java:1114)
	at java.base@11.0.12/java.util.concurrent.ThreadPoolExecutor$Worker.run(ThreadPoolExecutor.java:628)
	...

"Batik CleanerThread" daemon prio=6 Id=30 WAITING on java.lang.ref.ReferenceQueue$Lock@1d34873c
	at java.base@11.0.12/java.lang.Object.wait(Native Method)
	-  waiting on java.lang.ref.ReferenceQueue$Lock@1d34873c
	at java.base@11.0.12/java.lang.ref.ReferenceQueue.remove(ReferenceQueue.java:155)
	at java.base@11.0.12/java.lang.ref.ReferenceQueue.remove(ReferenceQueue.java:176)
	at org.apache.batik.util.CleanerThread.run(CleanerThread.java:106)

